TN:
SF:src\config\env.ts
FN:4,loadConfig
FN:28,getEnvVar
FN:36,getConfig
FNF:3
FNH:2
FNDA:0,loadConfig
FNDA:88,getEnvVar
FNDA:8,getConfig
DA:1,1
DA:2,1
DA:4,1
DA:5,0
DA:29,88
DA:30,88
DA:31,0
DA:33,88
DA:36,1
DA:37,8
LF:10
LH:8
BRDA:29,0,0,88
BRDA:29,0,1,32
BRDA:30,1,0,0
BRDA:30,1,1,88
BRF:4
BRH:3
end_of_record
TN:
SF:src\constants\emissionFactors.ts
FN:49,getEmissionFactor
FN:50,(anonymous_1)
FN:56,calculateCO2
FN:67,getFactorsByCategory
FN:68,(anonymous_4)
FNF:5
FNH:5
FNDA:5,getEmissionFactor
FNDA:71,(anonymous_1)
FNDA:3,calculateCO2
FNDA:1,getFactorsByCategory
FNDA:28,(anonymous_4)
DA:8,1
DA:49,1
DA:50,71
DA:56,1
DA:57,3
DA:58,3
DA:59,1
DA:61,2
DA:67,1
DA:68,28
LF:10
LH:10
BRDA:58,0,0,1
BRDA:58,0,1,2
BRF:2
BRH:2
end_of_record
TN:
SF:src\controllers\activityController.ts
FN:14,getStringParam
FN:23,create
FN:51,list
FN:76,getById
FN:112,update
FN:154,remove
FN:190,getEmissionFactors
FNF:7
FNH:0
FNDA:0,getStringParam
FNDA:0,create
FNDA:0,list
FNDA:0,getById
FNDA:0,update
FNDA:0,remove
FNDA:0,getEmissionFactors
DA:2,0
DA:12,0
DA:15,0
DA:16,0
DA:17,0
DA:23,0
DA:24,0
DA:25,0
DA:26,0
DA:27,0
DA:28,0
DA:31,0
DA:32,0
DA:34,0
DA:40,0
DA:41,0
DA:42,0
DA:44,0
DA:51,0
DA:52,0
DA:53,0
DA:54,0
DA:55,0
DA:58,0
DA:59,0
DA:61,0
DA:76,0
DA:77,0
DA:78,0
DA:79,0
DA:80,0
DA:81,0
DA:84,0
DA:85,0
DA:86,0
DA:87,0
DA:90,0
DA:92,0
DA:97,0
DA:98,0
DA:99,0
DA:101,0
DA:102,0
DA:103,0
DA:105,0
DA:112,0
DA:113,0
DA:114,0
DA:115,0
DA:116,0
DA:117,0
DA:120,0
DA:121,0
DA:122,0
DA:123,0
DA:126,0
DA:127,0
DA:129,0
DA:135,0
DA:136,0
DA:137,0
DA:139,0
DA:140,0
DA:141,0
DA:143,0
DA:144,0
DA:145,0
DA:147,0
DA:154,0
DA:155,0
DA:156,0
DA:157,0
DA:158,0
DA:159,0
DA:162,0
DA:163,0
DA:164,0
DA:165,0
DA:168,0
DA:170,0
DA:175,0
DA:176,0
DA:177,0
DA:179,0
DA:180,0
DA:181,0
DA:183,0
DA:190,0
DA:191,0
DA:193,0
DA:195,0
LF:91
LH:0
BRDA:15,0,0,0
BRDA:15,0,1,0
BRDA:15,1,0,0
BRDA:15,1,1,0
BRDA:16,2,0,0
BRDA:16,2,1,0
BRDA:16,3,0,0
BRDA:16,3,1,0
BRDA:17,4,0,0
BRDA:17,4,1,0
BRDA:26,5,0,0
BRDA:26,5,1,0
BRDA:40,6,0,0
BRDA:40,6,1,0
BRDA:40,7,0,0
BRDA:40,7,1,0
BRDA:53,8,0,0
BRDA:53,8,1,0
BRDA:79,9,0,0
BRDA:79,9,1,0
BRDA:85,10,0,0
BRDA:85,10,1,0
BRDA:97,11,0,0
BRDA:97,11,1,0
BRDA:101,12,0,0
BRDA:101,12,1,0
BRDA:115,13,0,0
BRDA:115,13,1,0
BRDA:121,14,0,0
BRDA:121,14,1,0
BRDA:135,15,0,0
BRDA:135,15,1,0
BRDA:139,16,0,0
BRDA:139,16,1,0
BRDA:143,17,0,0
BRDA:143,17,1,0
BRDA:143,18,0,0
BRDA:143,18,1,0
BRDA:157,19,0,0
BRDA:157,19,1,0
BRDA:163,20,0,0
BRDA:163,20,1,0
BRDA:175,21,0,0
BRDA:175,21,1,0
BRDA:179,22,0,0
BRDA:179,22,1,0
BRDA:193,23,0,0
BRDA:193,23,1,0
BRF:48
BRH:0
end_of_record
TN:
SF:src\controllers\analyticsController.ts
FN:8,getSummary
FNF:1
FNH:0
FNDA:0,getSummary
DA:2,0
DA:8,0
DA:9,0
DA:10,0
DA:11,0
DA:12,0
DA:15,0
DA:16,0
DA:18,0
LF:9
LH:0
BRDA:10,0,0,0
BRDA:10,0,1,0
BRF:2
BRH:0
end_of_record
TN:
SF:src\controllers\authController.ts
FN:16,register
FN:45,login
FN:74,refresh
FN:104,logout
FN:118,getMe
FNF:5
FNH:0
FNDA:0,register
FNDA:0,login
FNDA:0,refresh
FNDA:0,logout
FNDA:0,getMe
DA:2,0
DA:16,0
DA:17,0
DA:18,0
DA:20,0
DA:22,0
DA:31,0
DA:32,0
DA:36,0
DA:38,0
DA:45,0
DA:46,0
DA:47,0
DA:49,0
DA:51,0
DA:60,0
DA:61,0
DA:65,0
DA:67,0
DA:74,0
DA:75,0
DA:76,0
DA:78,0
DA:80,0
DA:86,0
DA:87,0
DA:91,0
DA:94,0
DA:104,0
DA:105,0
DA:107,0
DA:109,0
DA:118,0
DA:119,0
DA:121,0
DA:122,0
DA:126,0
DA:129,0
DA:131,0
DA:132,0
DA:136,0
DA:139,0
LF:42
LH:0
BRDA:31,0,0,0
BRDA:31,0,1,0
BRDA:60,1,0,0
BRDA:60,1,1,0
BRDA:86,2,0,0
BRDA:86,2,1,0
BRDA:121,3,0,0
BRDA:121,3,1,0
BRDA:131,4,0,0
BRDA:131,4,1,0
BRF:10
BRH:0
end_of_record
TN:
SF:src\controllers\gamificationController.ts
FN:7,getAchievements
FN:25,getStreak
FNF:2
FNH:0
FNDA:0,getAchievements
FNDA:0,getStreak
DA:2,0
DA:7,0
DA:8,0
DA:9,0
DA:10,0
DA:11,0
DA:14,0
DA:16,0
DA:25,0
DA:26,0
DA:27,0
DA:28,0
DA:29,0
DA:32,0
DA:34,0
LF:15
LH:0
BRDA:9,0,0,0
BRDA:9,0,1,0
BRDA:27,1,0,0
BRDA:27,1,1,0
BRF:4
BRH:0
end_of_record
TN:
SF:src\controllers\recommendationController.ts
FN:7,list
FNF:1
FNH:0
FNDA:0,list
DA:2,0
DA:7,0
DA:8,0
DA:9,0
DA:10,0
DA:11,0
DA:14,0
DA:16,0
LF:8
LH:0
BRDA:9,0,0,0
BRDA:9,0,1,0
BRF:2
BRH:0
end_of_record
TN:
SF:src\database\connection.ts
FN:7,getDbPath
FN:12,ensureDirectoryExists
FN:19,initDatabase
FN:40,getDatabase
FN:47,saveDatabase
FN:57,closeDatabase
FN:68,startAutoSave
FN:70,(anonymous_8)
FN:79,stopAutoSave
FN:87,resetDatabase
FNF:10
FNH:7
FNDA:7,getDbPath
FNDA:7,ensureDirectoryExists
FNDA:1,initDatabase
FNDA:11,getDatabase
FNDA:6,saveDatabase
FNDA:1,closeDatabase
FNDA:0,startAutoSave
FNDA:0,(anonymous_8)
FNDA:0,stopAutoSave
FNDA:2,resetDatabase
DA:1,1
DA:2,1
DA:3,1
DA:5,1
DA:8,7
DA:9,7
DA:13,7
DA:14,7
DA:15,0
DA:19,1
DA:20,1
DA:22,1
DA:23,1
DA:24,1
DA:26,1
DA:27,0
DA:28,0
DA:30,1
DA:34,1
DA:35,1
DA:37,1
DA:40,1
DA:41,11
DA:42,0
DA:44,11
DA:47,1
DA:48,6
DA:50,6
DA:51,6
DA:52,6
DA:53,6
DA:54,6
DA:57,1
DA:58,1
DA:59,1
DA:60,1
DA:61,1
DA:66,1
DA:68,1
DA:69,0
DA:70,0
DA:71,0
DA:72,0
DA:74,0
DA:79,1
DA:80,0
DA:81,0
DA:82,0
DA:87,1
DA:88,2
DA:89,0
DA:90,0
LF:52
LH:38
BRDA:8,0,0,7
BRDA:8,0,1,0
BRDA:14,1,0,0
BRDA:14,1,1,7
BRDA:20,2,0,0
BRDA:20,2,1,1
BRDA:26,3,0,0
BRDA:26,3,1,1
BRDA:41,4,0,0
BRDA:41,4,1,11
BRDA:48,5,0,0
BRDA:48,5,1,6
BRDA:58,6,0,1
BRDA:58,6,1,0
BRDA:68,7,0,0
BRDA:69,8,0,0
BRDA:69,8,1,0
BRDA:80,9,0,0
BRDA:80,9,1,0
BRDA:88,10,0,0
BRDA:88,10,1,2
BRF:21
BRH:8
end_of_record
TN:
SF:src\middleware\auth.ts
FN:17,authenticate
FNF:1
FNH:0
FNDA:0,authenticate
DA:2,0
DA:17,0
DA:18,0
DA:20,0
DA:21,0
DA:25,0
DA:28,0
DA:30,0
DA:31,0
DA:32,0
DA:33,0
DA:35,0
LF:12
LH:0
BRDA:20,0,0,0
BRDA:20,0,1,0
BRDA:20,1,0,0
BRDA:20,1,1,0
BRF:4
BRH:0
end_of_record
TN:
SF:src\middleware\errorHandler.ts
FN:11,errorHandler
FNF:1
FNH:0
FNDA:0,errorHandler
DA:11,0
DA:17,0
DA:18,0
DA:21,0
DA:22,0
DA:23,0
DA:24,0
DA:28,0
LF:8
LH:0
BRDA:17,0,0,0
BRDA:17,0,1,0
BRDA:18,1,0,0
BRDA:18,1,1,0
BRDA:21,2,0,0
BRDA:21,2,1,0
BRDA:23,3,0,0
BRDA:23,3,1,0
BRDA:31,4,0,0
BRDA:31,4,1,0
BRDA:31,5,0,0
BRDA:31,5,1,0
BRF:12
BRH:0
end_of_record
TN:
SF:src\middleware\validate.ts
FN:10,validate
FN:11,(anonymous_1)
FN:15,(anonymous_2)
FNF:3
FNH:0
FNDA:0,validate
FNDA:0,(anonymous_1)
FNDA:0,(anonymous_2)
DA:10,0
DA:11,0
DA:12,0
DA:14,0
DA:15,0
DA:16,0
DA:17,0
DA:20,0
DA:25,0
DA:29,0
DA:30,0
DA:31,0
DA:34,0
DA:37,0
LF:14
LH:0
BRDA:10,0,0,0
BRDA:14,1,0,0
BRDA:14,1,1,0
BRDA:17,2,0,0
BRDA:17,2,1,0
BRDA:29,3,0,0
BRDA:29,3,1,0
BRDA:31,4,0,0
BRDA:31,4,1,0
BRF:9
BRH:0
end_of_record
TN:
SF:src\routes\activityRoutes.ts
FNF:0
FNH:0
DA:1,0
DA:2,0
DA:3,0
DA:4,0
DA:5,0
DA:7,0
DA:10,0
DA:13,0
DA:16,0
DA:17,0
DA:18,0
DA:19,0
DA:20,0
DA:22,0
LF:14
LH:0
BRF:0
BRH:0
end_of_record
TN:
SF:src\routes\analyticsRoutes.ts
FNF:0
FNH:0
DA:1,0
DA:2,0
DA:3,0
DA:4,0
DA:5,0
DA:7,0
DA:9,0
DA:11,0
DA:13,0
LF:9
LH:0
BRF:0
BRH:0
end_of_record
TN:
SF:src\routes\authRoutes.ts
FNF:0
FNH:0
DA:1,0
DA:2,0
DA:3,0
DA:4,0
DA:5,0
DA:7,0
DA:10,0
DA:11,0
DA:12,0
DA:15,0
DA:16,0
DA:18,0
LF:12
LH:0
BRF:0
BRH:0
end_of_record
TN:
SF:src\routes\gamificationRoutes.ts
FNF:0
FNH:0
DA:1,0
DA:2,0
DA:3,0
DA:5,0
DA:7,0
DA:9,0
DA:10,0
DA:12,0
LF:8
LH:0
BRF:0
BRH:0
end_of_record
TN:
SF:src\routes\recommendationRoutes.ts
FNF:0
FNH:0
DA:1,0
DA:2,0
DA:3,0
DA:5,0
DA:7,0
DA:9,0
DA:11,0
LF:7
LH:0
BRF:0
BRH:0
end_of_record
TN:
SF:src\services\activityService.ts
FN:8,(anonymous_0)
FN:16,(anonymous_1)
FN:23,rowToActivity
FN:41,createActivity
FN:82,getActivities
FN:134,getActivityById
FN:159,updateActivity
FN:194,deleteActivity
FN:206,updateStreak
FN:262,checkAndAwardAchievements
FNF:10
FNH:0
FNDA:0,(anonymous_0)
FNDA:0,(anonymous_1)
FNDA:0,rowToActivity
FNDA:0,createActivity
FNDA:0,getActivities
FNDA:0,getActivityById
FNDA:0,updateActivity
FNDA:0,deleteActivity
FNDA:0,updateStreak
FNDA:0,checkAndAwardAchievements
DA:1,0
DA:2,0
DA:6,0
DA:7,0
DA:9,0
DA:10,0
DA:14,0
DA:15,0
DA:17,0
DA:18,0
DA:24,0
DA:41,0
DA:42,0
DA:45,0
DA:48,0
DA:49,0
DA:51,0
DA:58,0
DA:64,0
DA:65,0
DA:69,0
DA:72,0
DA:74,0
DA:76,0
DA:82,0
DA:86,0
DA:87,0
DA:88,0
DA:90,0
DA:91,0
DA:92,0
DA:94,0
DA:95,0
DA:96,0
DA:98,0
DA:99,0
DA:100,0
DA:103,0
DA:106,0
DA:110,0
DA:115,0
DA:116,0
DA:124,0
DA:128,0
DA:134,0
DA:135,0
DA:137,0
DA:143,0
DA:144,0
DA:147,0
DA:149,0
DA:150,0
DA:153,0
DA:159,0
DA:165,0
DA:167,0
DA:168,0
DA:169,0
DA:170,0
DA:171,0
DA:174,0
DA:175,0
DA:176,0
DA:178,0
DA:179,0
DA:186,0
DA:188,0
DA:194,0
DA:196,0
DA:198,0
DA:199,0
DA:200,0
DA:207,0
DA:209,0
DA:214,0
DA:216,0
DA:220,0
DA:223,0
DA:224,0
DA:225,0
DA:226,0
DA:228,0
DA:230,0
DA:234,0
DA:237,0
DA:238,0
DA:239,0
DA:241,0
DA:243,0
DA:244,0
DA:245,0
DA:247,0
DA:250,0
DA:253,0
DA:263,0
DA:266,0
DA:275,0
DA:278,0
DA:282,0
DA:286,0
DA:287,0
DA:291,0
DA:292,0
DA:293,0
DA:298,0
DA:302,0
DA:307,0
DA:308,0
DA:309,0
DA:310,0
DA:311,0
DA:313,0
DA:315,0
DA:316,0
DA:317,0
DA:319,0
DA:320,0
DA:322,0
DA:323,0
DA:326,0
DA:327,0
LF:121
LH:0
BRDA:49,0,0,0
BRDA:49,0,1,0
BRDA:54,1,0,0
BRDA:54,1,1,0
BRDA:64,2,0,0
BRDA:64,2,1,0
BRDA:64,3,0,0
BRDA:64,3,1,0
BRDA:90,4,0,0
BRDA:90,4,1,0
BRDA:94,5,0,0
BRDA:94,5,1,0
BRDA:98,6,0,0
BRDA:98,6,1,0
BRDA:110,7,0,0
BRDA:110,7,1,0
BRDA:110,8,0,0
BRDA:110,8,1,0
BRDA:124,9,0,0
BRDA:124,9,1,0
BRDA:143,10,0,0
BRDA:143,10,1,0
BRDA:143,11,0,0
BRDA:143,11,1,0
BRDA:149,12,0,0
BRDA:149,12,1,0
BRDA:167,13,0,0
BRDA:167,13,1,0
BRDA:168,14,0,0
BRDA:168,14,1,0
BRDA:169,15,0,0
BRDA:169,15,1,0
BRDA:170,16,0,0
BRDA:170,16,1,0
BRDA:171,17,0,0
BRDA:171,17,1,0
BRDA:176,18,0,0
BRDA:176,18,1,0
BRDA:176,19,0,0
BRDA:176,19,1,0
BRDA:183,20,0,0
BRDA:183,20,1,0
BRDA:214,21,0,0
BRDA:214,21,1,0
BRDA:214,22,0,0
BRDA:214,22,1,0
BRDA:228,23,0,0
BRDA:228,23,1,0
BRDA:241,24,0,0
BRDA:241,24,1,0
BRDA:245,25,0,0
BRDA:245,25,1,0
BRDA:275,26,0,0
BRDA:275,26,1,0
BRDA:275,27,0,0
BRDA:275,27,1,0
BRDA:282,28,0,0
BRDA:282,28,1,0
BRDA:282,29,0,0
BRDA:282,29,1,0
BRDA:291,30,0,0
BRDA:291,30,1,0
BRDA:302,31,0,0
BRDA:302,31,1,0
BRDA:302,32,0,0
BRDA:302,32,1,0
BRDA:315,33,0,0
BRDA:315,33,1,0
BRDA:316,34,0,0
BRDA:316,34,1,0
BRDA:319,35,0,0
BRDA:319,35,1,0
BRDA:322,36,0,0
BRDA:322,36,1,0
BRDA:326,37,0,0
BRDA:326,37,1,0
BRF:76
BRH:0
end_of_record
TN:
SF:src\services\analyticsService.ts
FN:7,getAnalyticsSummary
FN:54,(anonymous_1)
FN:81,(anonymous_2)
FNF:3
FNH:0
FNDA:0,getAnalyticsSummary
FNDA:0,(anonymous_1)
FNDA:0,(anonymous_2)
DA:1,0
DA:7,0
DA:12,0
DA:14,0
DA:15,0
DA:17,0
DA:18,0
DA:19,0
DA:21,0
DA:22,0
DA:23,0
DA:26,0
DA:31,0
DA:37,0
DA:40,0
DA:45,0
DA:53,0
DA:54,0
DA:62,0
DA:63,0
DA:65,0
DA:66,0
DA:67,0
DA:69,0
DA:72,0
DA:80,0
DA:81,0
DA:87,0
LF:28
LH:0
BRDA:17,0,0,0
BRDA:17,0,1,0
BRDA:21,1,0,0
BRDA:21,1,1,0
BRDA:26,2,0,0
BRDA:26,2,1,0
BRDA:37,3,0,0
BRDA:37,3,1,0
BRDA:37,4,0,0
BRDA:37,4,1,0
BRDA:40,5,0,0
BRDA:40,5,1,0
BRDA:40,6,0,0
BRDA:40,6,1,0
BRDA:53,7,0,0
BRDA:53,7,1,0
BRDA:65,8,0,0
BRDA:65,8,1,0
BRDA:65,9,0,0
BRDA:65,9,1,0
BRDA:80,10,0,0
BRDA:80,10,1,0
BRF:22
BRH:0
end_of_record
TN:
SF:src\services\authService.ts
FN:10,parseExpiryToSeconds
FN:27,hashPassword
FN:35,comparePassword
FN:42,generateTokens
FN:61,verifyAccessToken
FN:69,verifyRefreshToken
FN:77,toPublicUser
FN:89,registerUser
FN:163,loginUser
FN:206,refreshAccessToken
FN:236,storeRefreshToken
FN:276,revokeRefreshToken
FN:285,getUserById
FN:310,(anonymous_14)
FN:318,(anonymous_15)
FNF:15
FNH:14
FNDA:6,parseExpiryToSeconds
FNDA:1,hashPassword
FNDA:2,comparePassword
FNDA:3,generateTokens
FNDA:0,verifyAccessToken
FNDA:1,verifyRefreshToken
FNDA:2,toPublicUser
FNDA:2,registerUser
FNDA:2,loginUser
FNDA:1,refreshAccessToken
FNDA:3,storeRefreshToken
FNDA:1,revokeRefreshToken
FNDA:1,getUserById
FNDA:1,(anonymous_14)
FNDA:1,(anonymous_15)
DA:1,1
DA:2,1
DA:3,1
DA:4,1
DA:11,6
DA:12,6
DA:13,6
DA:14,6
DA:15,6
DA:21,6
DA:27,1
DA:28,1
DA:29,1
DA:35,1
DA:36,2
DA:42,1
DA:43,3
DA:45,3
DA:50,3
DA:55,3
DA:61,1
DA:62,0
DA:63,0
DA:69,1
DA:70,1
DA:71,1
DA:77,1
DA:78,2
DA:89,1
DA:94,2
DA:97,2
DA:101,2
DA:102,1
DA:106,1
DA:110,1
DA:111,0
DA:115,1
DA:118,1
DA:124,1
DA:129,1
DA:130,0
DA:133,1
DA:134,1
DA:144,1
DA:149,1
DA:152,1
DA:155,1
DA:157,1
DA:163,1
DA:167,2
DA:169,2
DA:174,2
DA:175,0
DA:178,2
DA:179,2
DA:189,2
DA:190,2
DA:191,1
DA:195,1
DA:198,1
DA:200,1
DA:206,1
DA:208,1
DA:209,1
DA:212,1
DA:217,1
DA:218,0
DA:222,1
DA:225,1
DA:228,1
DA:230,1
DA:237,3
DA:238,3
DA:241,3
DA:242,3
DA:244,3
DA:245,3
DA:246,3
DA:247,3
DA:248,3
DA:254,3
DA:257,3
DA:259,3
DA:265,3
DA:270,3
DA:276,1
DA:277,1
DA:278,1
DA:279,1
DA:285,1
DA:286,1
DA:288,1
DA:293,1
DA:294,0
DA:297,1
DA:298,1
DA:308,1
DA:309,1
DA:311,1
DA:312,1
DA:316,1
DA:317,1
DA:319,1
DA:320,1
LF:104
LH:97
BRDA:12,0,0,0
BRDA:12,0,1,6
BRDA:21,1,0,6
BRDA:21,1,1,0
BRDA:101,2,0,1
BRDA:101,2,1,1
BRDA:101,3,0,2
BRDA:101,3,1,1
BRDA:110,4,0,0
BRDA:110,4,1,1
BRDA:110,5,0,1
BRDA:110,5,1,0
BRDA:129,6,0,0
BRDA:129,6,1,1
BRDA:129,7,0,1
BRDA:129,7,1,1
BRDA:174,8,0,0
BRDA:174,8,1,2
BRDA:174,9,0,2
BRDA:174,9,1,2
BRDA:190,10,0,1
BRDA:190,10,1,1
BRDA:217,11,0,0
BRDA:217,11,1,1
BRDA:217,12,0,1
BRDA:217,12,1,1
BRDA:245,13,0,3
BRDA:245,13,1,0
BRDA:254,14,0,3
BRDA:254,14,1,0
BRDA:293,15,0,0
BRDA:293,15,1,1
BRDA:293,16,0,1
BRDA:293,16,1,1
BRF:34
BRH:24
end_of_record
TN:
SF:src\services\gamificationService.ts
FN:7,getUserAchievements
FN:25,(anonymous_1)
FN:54,(anonymous_2)
FN:71,getUserStreak
FNF:4
FNH:0
FNDA:0,getUserAchievements
FNDA:0,(anonymous_1)
FNDA:0,(anonymous_2)
FNDA:0,getUserStreak
DA:1,0
DA:7,0
DA:11,0
DA:14,0
DA:24,0
DA:25,0
DA:43,0
DA:53,0
DA:54,0
DA:65,0
DA:71,0
DA:72,0
DA:74,0
DA:79,0
DA:80,0
DA:89,0
DA:90,0
LF:17
LH:0
BRDA:24,0,0,0
BRDA:24,0,1,0
BRDA:53,1,0,0
BRDA:53,1,1,0
BRDA:79,2,0,0
BRDA:79,2,1,0
BRDA:79,3,0,0
BRDA:79,3,1,0
BRF:8
BRH:0
end_of_record
TN:
SF:src\services\recommendationService.ts
FN:207,getRecommendations
FN:269,(anonymous_1)
FN:271,(anonymous_2)
FN:282,getDifficultyMultiplier
FN:290,getDefaultRecommendations
FNF:5
FNH:0
FNDA:0,getRecommendations
FNDA:0,(anonymous_1)
FNDA:0,(anonymous_2)
FNDA:0,getDifficultyMultiplier
FNDA:0,getDefaultRecommendations
DA:1,0
DA:24,0
DA:207,0
DA:208,0
DA:211,0
DA:219,0
DA:221,0
DA:225,0
DA:226,0
DA:228,0
DA:229,0
DA:230,0
DA:231,0
DA:232,0
DA:233,0
DA:237,0
DA:239,0
DA:240,0
DA:241,0
DA:242,0
DA:244,0
DA:245,0
DA:246,0
DA:247,0
DA:249,0
DA:250,0
DA:251,0
DA:253,0
DA:254,0
DA:255,0
DA:260,0
DA:262,0
DA:263,0
DA:264,0
DA:269,0
DA:271,0
DA:283,0
DA:284,0
DA:285,0
DA:286,0
DA:291,0
LF:41
LH:0
BRDA:219,0,0,0
BRDA:219,0,1,0
BRDA:219,1,0,0
BRDA:219,1,1,0
BRDA:244,2,0,0
BRDA:244,2,1,0
BRDA:246,3,0,0
BRDA:246,3,1,0
BRDA:247,4,0,0
BRDA:247,4,1,0
BRDA:249,5,0,0
BRDA:249,5,1,0
BRDA:249,6,0,0
BRDA:249,6,1,0
BRDA:253,7,0,0
BRDA:253,7,1,0
BRDA:253,8,0,0
BRDA:253,8,1,0
BRDA:260,9,0,0
BRDA:260,9,1,0
BRDA:283,10,0,0
BRDA:283,10,1,0
BRDA:283,10,2,0
BRF:23
BRH:0
end_of_record
TN:
SF:src\validators\schemas.ts
FN:10,(anonymous_0)
FN:16,(anonymous_1)
FN:26,(anonymous_2)
FN:35,(anonymous_3)
FN:72,(anonymous_4)
FN:87,(anonymous_5)
FN:93,(anonymous_6)
FNF:7
FNH:5
FNDA:3,(anonymous_0)
FNDA:4,(anonymous_1)
FNDA:4,(anonymous_2)
FNDA:2,(anonymous_3)
FNDA:3,(anonymous_4)
FNDA:0,(anonymous_5)
FNDA:0,(anonymous_6)
DA:1,1
DA:5,1
DA:10,3
DA:16,4
DA:26,4
DA:31,1
DA:35,2
DA:41,1
DA:47,1
DA:49,1
DA:73,3
DA:74,3
DA:78,1
DA:82,1
DA:87,0
DA:93,0
DA:97,1
DA:109,1
LF:18
LH:16
BRF:0
BRH:0
end_of_record
